1617343046686	geckodriver	INFO	Listening on 127.0.0.1:7309
1617343049174	mozrunner::runner	INFO	Running command: "C:\\Program Files\\Mozilla Firefox\\firefox.exe" "--marionette" "-foreground" "-no-remote" "-profile" "C:\\Users\\92536\\AppData\\Local\\Temp\\rust_mozprofileTftk9Z"
console.warn: SearchSettings: "get: No settings file exists, new profile?" (new Error("", "(unknown module)"))
1617343052217	Marionette	INFO	Listening on port 7317
1617343052530	Marionette	WARN	TLS certificate errors will be ignored for this session
1617343149451	Marionette	INFO	Stopped listening on port 7317

###!!! [Child][RunMessage] Error: Channel closing: too late to send/recv, messages will be lost

1617343674428	geckodriver	INFO	Listening on 127.0.0.1:5731
1617343677498	mozrunner::runner	INFO	Running command: "C:\\Program Files\\Mozilla Firefox\\firefox.exe" "--marionette" "-foreground" "-no-remote" "-profile" "C:\\Users\\92536\\AppData\\Local\\Temp\\rust_mozprofile0QjVDU"
console.warn: SearchSettings: "get: No settings file exists, new profile?" (new Error("", "(unknown module)"))
1617343680327	Marionette	INFO	Listening on port 5739
1617343680799	Marionette	WARN	TLS certificate errors will be ignored for this session
1617343680937	Marionette	INFO	Stopped listening on port 5739
console.warn: services.settings: main/cfr sync interrupted by shutdown
console.warn: services.settings: main/partitioning-exempt-urls sync interrupted by shutdown
console.error: Region.jsm: "Error fetching region" (new TypeError("NetworkError when attempting to fetch resource.", ""))
console.error: Region.jsm: "Failed to fetch region" (new Error("NO_RESULT", "resource://gre/modules/Region.jsm", 419))
[Parent 1260, IPC I/O Parent] WARNING: file /builds/worker/checkouts/gecko/ipc/chromium/src/base/process_util_win.cc:167

###!!! [Child][RunMessage] Error: Channel closing: too late to send/recv, messages will be lost

1617948176647	geckodriver	INFO	Listening on 127.0.0.1:5603
1617948179379	mozrunner::runner	INFO	Running command: "C:\\Program Files\\Mozilla Firefox\\firefox.exe" "--marionette" "-foreground" "-no-remote" "-profile" "C:\\Users\\92536\\AppData\\Local\\Temp\\rust_mozprofileCHR3Mq"
console.warn: SearchSettings: "get: No settings file exists, new profile?" (new Error("", "(unknown module)"))
1617948182382	Marionette	INFO	Listening on port 5611
1617948182619	Marionette	WARN	TLS certificate errors will be ignored for this session
1617948182730	Marionette	INFO	Stopped listening on port 5611
console.error: Region.jsm: "Error fetching region" (new TypeError("NetworkError when attempting to fetch resource.", ""))
console.error: Region.jsm: "Failed to fetch region" (new Error("NO_RESULT", "resource://gre/modules/Region.jsm", 419))

###!!! [Child][RunMessage] Error: Channel closing: too late to send/recv, messages will be lost

1618545972583	geckodriver	INFO	Listening on 127.0.0.1:3287
1618545975604	mozrunner::runner	INFO	Running command: "C:\\Program Files\\Mozilla Firefox\\firefox.exe" "--marionette" "-foreground" "-no-remote" "-profile" "C:\\Users\\92536\\AppData\\Local\\Temp\\rust_mozprofileNsvx0p"
console.warn: SearchSettings: "get: No settings file exists, new profile?" (new Error("", "(unknown module)"))
1618545978018	Marionette	INFO	Listening on port 3295
1618545978343	Marionette	WARN	TLS certificate errors will be ignored for this session
1618545981737	Marionette	INFO	Stopped listening on port 3295

###!!! [Child][RunMessage] Error: Channel closing: too late to send/recv, messages will be lost

1618546063770	geckodriver	INFO	Listening on 127.0.0.1:3371
1618546066810	mozrunner::runner	INFO	Running command: "C:\\Program Files\\Mozilla Firefox\\firefox.exe" "--marionette" "-foreground" "-no-remote" "-profile" "C:\\Users\\92536\\AppData\\Local\\Temp\\rust_mozprofileoT6m9e"
console.warn: SearchSettings: "get: No settings file exists, new profile?" (new Error("", "(unknown module)"))
1618546068637	Marionette	INFO	Listening on port 3379
1618546068930	Marionette	WARN	TLS certificate errors will be ignored for this session
1618546069003	Marionette	INFO	Stopped listening on port 3379
[Parent 10692, IPC I/O Parent] WARNING: file /builds/worker/checkouts/gecko/ipc/chromium/src/base/process_util_win.cc:167
console.error: Region.jsm: "Error fetching region" (new TypeError("NetworkError when attempting to fetch resource.", ""))
console.error: Region.jsm: "Failed to fetch region" (new Error("NO_RESULT", "resource://gre/modules/Region.jsm", 419))
JavaScript error: , line 0: AbortError: A request was aborted, for example through a call to IDBTransaction.abort.

###!!! [Child][RunMessage] Error: Channel closing: too late to send/recv, messages will be lost

1618550241694	geckodriver	INFO	Listening on 127.0.0.1:11354
1618550244718	mozrunner::runner	INFO	Running command: "C:\\Program Files\\Mozilla Firefox\\firefox.exe" "--marionette" "-foreground" "-no-remote" "-profile" "C:\\Users\\92536\\AppData\\Local\\Temp\\rust_mozprofile2EZowj"
console.warn: SearchSettings: "get: No settings file exists, new profile?" (new Error("", "(unknown module)"))
1618550247052	Marionette	INFO	Listening on port 11362
1618550247470	Marionette	WARN	TLS certificate errors will be ignored for this session
1618550247571	Marionette	INFO	Stopped listening on port 11362
console.error: Region.jsm: "Error fetching region" (new TypeError("NetworkError when attempting to fetch resource.", ""))
console.error: Region.jsm: "Failed to fetch region" (new Error("NO_RESULT", "resource://gre/modules/Region.jsm", 419))
1618551288648	geckodriver	INFO	Listening on 127.0.0.1:11432
1618551291704	mozrunner::runner	INFO	Running command: "C:\\Program Files\\Mozilla Firefox\\firefox.exe" "--marionette" "-foreground" "-no-remote" "-profile" "C:\\Users\\92536\\AppData\\Local\\Temp\\rust_mozprofileQtE95e"
console.warn: SearchSettings: "get: No settings file exists, new profile?" (new Error("", "(unknown module)"))
1618551293926	Marionette	INFO	Listening on port 11440
1618551293985	Marionette	WARN	TLS certificate errors will be ignored for this session
1618551294216	Marionette	INFO	Stopped listening on port 11440
console.error: Region.jsm: "Error fetching region" (new TypeError("NetworkError when attempting to fetch resource.", ""))
console.error: Region.jsm: "Failed to fetch region" (new Error("NO_RESULT", "resource://gre/modules/Region.jsm", 419))

###!!! [Child][RunMessage] Error: Channel closing: too late to send/recv, messages will be lost

1618553003070	geckodriver	INFO	Listening on 127.0.0.1:12035
1618553006111	mozrunner::runner	INFO	Running command: "C:\\Program Files\\Mozilla Firefox\\firefox.exe" "--marionette" "-foreground" "-no-remote" "-profile" "C:\\Users\\92536\\AppData\\Local\\Temp\\rust_mozprofile8UD6xu"
console.warn: SearchSettings: "get: No settings file exists, new profile?" (new Error("", "(unknown module)"))
1618553008298	Marionette	INFO	Listening on port 12043
1618553008377	Marionette	WARN	TLS certificate errors will be ignored for this session
JavaScript error: resource://gre/actors/AutoCompleteChild.jsm, line 125: Error: Invalid autocomplete selectedIndex
1618553009571	Marionette	INFO	Stopped listening on port 12043
console.warn: services.settings: main/cfr-fxa sync interrupted by shutdown

###!!! [Child][RunMessage] Error: Channel closing: too late to send/recv, messages will be lost

1618553140338	geckodriver	INFO	Listening on 127.0.0.1:12101
1618553143370	mozrunner::runner	INFO	Running command: "C:\\Program Files\\Mozilla Firefox\\firefox.exe" "--marionette" "-foreground" "-no-remote" "-profile" "C:\\Users\\92536\\AppData\\Local\\Temp\\rust_mozprofilexMNxeC"
console.warn: SearchSettings: "get: No settings file exists, new profile?" (new Error("", "(unknown module)"))
1618553145574	Marionette	INFO	Listening on port 12109
1618553145630	Marionette	WARN	TLS certificate errors will be ignored for this session
JavaScript error: resource://gre/actors/AutoCompleteChild.jsm, line 125: Error: Invalid autocomplete selectedIndex
1618553146810	Marionette	INFO	Stopped listening on port 12109
console.error: services.settings: 
  main/cfr Signature failed  TypeError: NetworkError when attempting to fetch resource.

###!!! [Child][RunMessage] Error: Channel closing: too late to send/recv, messages will be lost

1619151922863	geckodriver	INFO	Listening on 127.0.0.1:8274
1619151925676	mozrunner::runner	INFO	Running command: "C:\\Program Files\\Mozilla Firefox\\firefox.exe" "--marionette" "-foreground" "-no-remote" "-profile" "C:\\Users\\92536\\AppData\\Local\\Temp\\rust_mozprofileOVG0ac"
console.warn: SearchSettings: "get: No settings file exists, new profile?" (new Error("", "(unknown module)"))
1619151928161	Marionette	INFO	Listening on port 8284
1619151928433	Marionette	WARN	TLS certificate errors will be ignored for this session
1619151931895	Marionette	INFO	Stopped listening on port 8284

###!!! [Child][RunMessage] Error: Channel closing: too late to send/recv, messages will be lost

1619152091378	geckodriver	INFO	Listening on 127.0.0.1:8367
1619152094410	mozrunner::runner	INFO	Running command: "C:\\Program Files\\Mozilla Firefox\\firefox.exe" "--marionette" "-foreground" "-no-remote" "-profile" "C:\\Users\\92536\\AppData\\Local\\Temp\\rust_mozprofileaMCjqu"
console.warn: SearchSettings: "get: No settings file exists, new profile?" (new Error("", "(unknown module)"))
1619152096336	Marionette	INFO	Listening on port 8375
1619152096547	Marionette	WARN	TLS certificate errors will be ignored for this session
JavaScript error: resource://gre/actors/AutoCompleteChild.jsm, line 125: Error: Invalid autocomplete selectedIndex
1619152097727	Marionette	INFO	Stopped listening on port 8375
console.error: services.settings: 
  main/fxmonitor-breaches Signature failed  TypeError: NetworkError when attempting to fetch resource.
1619154710557	geckodriver	INFO	Listening on 127.0.0.1:10245
1619154713604	mozrunner::runner	INFO	Running command: "C:\\Program Files\\Mozilla Firefox\\firefox.exe" "--marionette" "-foreground" "-no-remote" "-profile" "C:\\Users\\92536\\AppData\\Local\\Temp\\rust_mozprofileSCbuq0"
console.warn: SearchSettings: "get: No settings file exists, new profile?" (new Error("", "(unknown module)"))
1619154716051	Marionette	INFO	Listening on port 10253
1619154716379	Marionette	WARN	TLS certificate errors will be ignored for this session
1619154716568	Marionette	INFO	Stopped listening on port 10253
console.error: services.settings: 
  main/fxmonitor-breaches Signature failed  TypeError: NetworkError when attempting to fetch resource.
console.error: Region.jsm: "Error fetching region" (new TypeError("NetworkError when attempting to fetch resource.", ""))
console.error: Region.jsm: "Failed to fetch region" (new Error("NO_RESULT", "resource://gre/modules/Region.jsm", 419))
1619154875442	geckodriver	INFO	Listening on 127.0.0.1:10296
1619154878458	mozrunner::runner	INFO	Running command: "C:\\Program Files\\Mozilla Firefox\\firefox.exe" "--marionette" "-foreground" "-no-remote" "-profile" "C:\\Users\\92536\\AppData\\Local\\Temp\\rust_mozprofiler7CPhb"
console.warn: SearchSettings: "get: No settings file exists, new profile?" (new Error("", "(unknown module)"))
1619154880708	Marionette	INFO	Listening on port 10304
1619154881211	Marionette	WARN	TLS certificate errors will be ignored for this session
JavaScript error: resource://gre/actors/AutoCompleteChild.jsm, line 125: Error: Invalid autocomplete selectedIndex
1619154882382	Marionette	INFO	Stopped listening on port 10304
1619156512483	geckodriver	INFO	Listening on 127.0.0.1:13202
1619156515526	mozrunner::runner	INFO	Running command: "C:\\Program Files\\Mozilla Firefox\\firefox.exe" "--marionette" "-foreground" "-no-remote" "-profile" "C:\\Users\\92536\\AppData\\Local\\Temp\\rust_mozprofileQvUw9K"
console.warn: SearchSettings: "get: No settings file exists, new profile?" (new Error("", "(unknown module)"))
1619156517746	Marionette	INFO	Listening on port 13210
1619156518266	Marionette	WARN	TLS certificate errors will be ignored for this session
JavaScript error: resource://gre/actors/AutoCompleteChild.jsm, line 125: Error: Invalid autocomplete selectedIndex
1619156519471	Marionette	INFO	Stopped listening on port 13210
[Parent 7556, IPC I/O Parent] WARNING: file /builds/worker/checkouts/gecko/ipc/chromium/src/base/process_util_win.cc:167
1619156632182	geckodriver	INFO	Listening on 127.0.0.1:13252
1619156635223	mozrunner::runner	INFO	Running command: "C:\\Program Files\\Mozilla Firefox\\firefox.exe" "--marionette" "-foreground" "-no-remote" "-profile" "C:\\Users\\92536\\AppData\\Local\\Temp\\rust_mozprofilevkpy1P"
console.warn: SearchSettings: "get: No settings file exists, new profile?" (new Error("", "(unknown module)"))
1619156637368	Marionette	INFO	Listening on port 13260
1619156637456	Marionette	WARN	TLS certificate errors will be ignored for this session
JavaScript error: resource://gre/actors/AutoCompleteChild.jsm, line 125: Error: Invalid autocomplete selectedIndex
1619156638675	Marionette	INFO	Stopped listening on port 13260
1619156907681	geckodriver	INFO	Listening on 127.0.0.1:13315
1619156910724	mozrunner::runner	INFO	Running command: "C:\\Program Files\\Mozilla Firefox\\firefox.exe" "--marionette" "-foreground" "-no-remote" "-profile" "C:\\Users\\92536\\AppData\\Local\\Temp\\rust_mozprofilekULdMh"
console.warn: SearchSettings: "get: No settings file exists, new profile?" (new Error("", "(unknown module)"))
1619156912967	Marionette	INFO	Listening on port 13323
1619156913458	Marionette	WARN	TLS certificate errors will be ignored for this session
JavaScript error: resource://gre/actors/AutoCompleteChild.jsm, line 125: Error: Invalid autocomplete selectedIndex
1619156914676	Marionette	INFO	Stopped listening on port 13323
console.error: services.settings: 
  main/whats-new-panel Signature failed  TypeError: NetworkError when attempting to fetch resource.

###!!! [Child][RunMessage] Error: Channel closing: too late to send/recv, messages will be lost

1619157463587	geckodriver	INFO	Listening on 127.0.0.1:13434
1619157466617	mozrunner::runner	INFO	Running command: "C:\\Program Files\\Mozilla Firefox\\firefox.exe" "--marionette" "-foreground" "-no-remote" "-profile" "C:\\Users\\92536\\AppData\\Local\\Temp\\rust_mozprofilerSX9zt"
console.warn: SearchSettings: "get: No settings file exists, new profile?" (new Error("", "(unknown module)"))
1619157468810	Marionette	INFO	Listening on port 13442
1619157468849	Marionette	WARN	TLS certificate errors will be ignored for this session
JavaScript error: resource://gre/actors/AutoCompleteChild.jsm, line 125: Error: Invalid autocomplete selectedIndex
1619157470081	Marionette	INFO	Stopped listening on port 13442
[Parent 12604, IPC I/O Parent] WARNING: file /builds/worker/checkouts/gecko/ipc/chromium/src/base/process_util_win.cc:167

###!!! [Child][RunMessage] Error: Channel closing: too late to send/recv, messages will be lost

1619157544002	geckodriver	INFO	Listening on 127.0.0.1:13482
1619157547035	mozrunner::runner	INFO	Running command: "C:\\Program Files\\Mozilla Firefox\\firefox.exe" "--marionette" "-foreground" "-no-remote" "-profile" "C:\\Users\\92536\\AppData\\Local\\Temp\\rust_mozprofilewx4KRv"
console.warn: SearchSettings: "get: No settings file exists, new profile?" (new Error("", "(unknown module)"))
1619157549304	Marionette	INFO	Listening on port 13492
1619157549762	Marionette	WARN	TLS certificate errors will be ignored for this session
JavaScript error: resource://gre/actors/AutoCompleteChild.jsm, line 125: Error: Invalid autocomplete selectedIndex
1619157550944	Marionette	INFO	Stopped listening on port 13492
[Parent 248, IPC I/O Parent] WARNING: file /builds/worker/checkouts/gecko/ipc/chromium/src/base/process_util_win.cc:167
1619157697037	geckodriver	INFO	Listening on 127.0.0.1:13540
1619157700068	mozrunner::runner	INFO	Running command: "C:\\Program Files\\Mozilla Firefox\\firefox.exe" "--marionette" "-foreground" "-no-remote" "-profile" "C:\\Users\\92536\\AppData\\Local\\Temp\\rust_mozprofiledbSGxH"
console.warn: SearchSettings: "get: No settings file exists, new profile?" (new Error("", "(unknown module)"))
1619157702465	Marionette	INFO	Listening on port 13548
1619157702798	Marionette	WARN	TLS certificate errors will be ignored for this session
JavaScript error: resource://gre/actors/AutoCompleteChild.jsm, line 125: Error: Invalid autocomplete selectedIndex
1619157704049	Marionette	INFO	Stopped listening on port 13548

###!!! [Child][RunMessage] Error: Channel closing: too late to send/recv, messages will be lost

1619158698871	geckodriver	INFO	Listening on 127.0.0.1:6459
1619158701912	mozrunner::runner	INFO	Running command: "C:\\Program Files\\Mozilla Firefox\\firefox.exe" "--marionette" "-foreground" "-no-remote" "-profile" "C:\\Users\\92536\\AppData\\Local\\Temp\\rust_mozprofileuun2Oz"
console.warn: SearchSettings: "get: No settings file exists, new profile?" (new Error("", "(unknown module)"))
1619158704214	Marionette	INFO	Listening on port 6467
1619158704657	Marionette	WARN	TLS certificate errors will be ignored for this session
JavaScript error: resource://gre/actors/AutoCompleteChild.jsm, line 125: Error: Invalid autocomplete selectedIndex
1619158705851	Marionette	INFO	Stopped listening on port 6467
[Parent 4184, IPC I/O Parent] WARNING: file /builds/worker/checkouts/gecko/ipc/chromium/src/base/process_util_win.cc:167
1619159157754	geckodriver	INFO	Listening on 127.0.0.1:6567
1619159160780	mozrunner::runner	INFO	Running command: "C:\\Program Files\\Mozilla Firefox\\firefox.exe" "--marionette" "-foreground" "-no-remote" "-profile" "C:\\Users\\92536\\AppData\\Local\\Temp\\rust_mozprofileXAAjs7"
console.warn: SearchSettings: "get: No settings file exists, new profile?" (new Error("", "(unknown module)"))
1619159162916	Marionette	INFO	Listening on port 6576
1619159163012	Marionette	WARN	TLS certificate errors will be ignored for this session
JavaScript error: resource://gre/actors/AutoCompleteChild.jsm, line 125: Error: Invalid autocomplete selectedIndex
1619159164203	Marionette	INFO	Stopped listening on port 6576
[Parent 4188, IPC I/O Parent] WARNING: file /builds/worker/checkouts/gecko/ipc/chromium/src/base/process_util_win.cc:167

###!!! [Child][RunMessage] Error: Channel closing: too late to send/recv, messages will be lost

1619159227398	geckodriver	INFO	Listening on 127.0.0.1:6614
1619159230432	mozrunner::runner	INFO	Running command: "C:\\Program Files\\Mozilla Firefox\\firefox.exe" "--marionette" "-foreground" "-no-remote" "-profile" "C:\\Users\\92536\\AppData\\Local\\Temp\\rust_mozprofileGWRgcf"
console.warn: SearchSettings: "get: No settings file exists, new profile?" (new Error("", "(unknown module)"))
1619159232726	Marionette	INFO	Listening on port 6622
1619159233159	Marionette	WARN	TLS certificate errors will be ignored for this session
JavaScript error: resource://gre/actors/AutoCompleteChild.jsm, line 125: Error: Invalid autocomplete selectedIndex
1619159235428	Marionette	INFO	Stopped listening on port 6622
[Parent 14156, IPC I/O Parent] WARNING: file /builds/worker/checkouts/gecko/ipc/chromium/src/base/process_util_win.cc:167

###!!! [Child][RunMessage] Error: Channel closing: too late to send/recv, messages will be lost

1619159347294	geckodriver	INFO	Listening on 127.0.0.1:6680
1619159350338	mozrunner::runner	INFO	Running command: "C:\\Program Files\\Mozilla Firefox\\firefox.exe" "--marionette" "-foreground" "-no-remote" "-profile" "C:\\Users\\92536\\AppData\\Local\\Temp\\rust_mozprofile5z33WY"
console.warn: SearchSettings: "get: No settings file exists, new profile?" (new Error("", "(unknown module)"))
1619159352546	Marionette	INFO	Listening on port 6688
1619159352574	Marionette	WARN	TLS certificate errors will be ignored for this session
JavaScript error: resource://gre/actors/AutoCompleteChild.jsm, line 125: Error: Invalid autocomplete selectedIndex
1619159353789	Marionette	INFO	Stopped listening on port 6688
1619159472042	geckodriver	INFO	Listening on 127.0.0.1:6737
1619159475085	mozrunner::runner	INFO	Running command: "C:\\Program Files\\Mozilla Firefox\\firefox.exe" "--marionette" "-foreground" "-no-remote" "-profile" "C:\\Users\\92536\\AppData\\Local\\Temp\\rust_mozprofileV9X9aD"
console.warn: SearchSettings: "get: No settings file exists, new profile?" (new Error("", "(unknown module)"))
1619159477261	Marionette	INFO	Listening on port 6745
1619159477330	Marionette	WARN	TLS certificate errors will be ignored for this session
1619159477529	Marionette	INFO	Stopped listening on port 6745
console.error: Region.jsm: "Error fetching region" (new TypeError("NetworkError when attempting to fetch resource.", ""))
console.error: Region.jsm: "Failed to fetch region" (new Error("NO_RESULT", "resource://gre/modules/Region.jsm", 419))
[Parent 12248, IPC I/O Parent] WARNING: file /builds/worker/checkouts/gecko/ipc/chromium/src/base/process_util_win.cc:167

###!!! [Child][RunMessage] Error: Channel closing: too late to send/recv, messages will be lost

1619159484766	geckodriver	INFO	Listening on 127.0.0.1:6776
1619159487816	mozrunner::runner	INFO	Running command: "C:\\Program Files\\Mozilla Firefox\\firefox.exe" "--marionette" "-foreground" "-no-remote" "-profile" "C:\\Users\\92536\\AppData\\Local\\Temp\\rust_mozprofileF59F8s"
console.warn: SearchSettings: "get: No settings file exists, new profile?" (new Error("", "(unknown module)"))
1619159490131	Marionette	INFO	Listening on port 6784
1619159490549	Marionette	WARN	TLS certificate errors will be ignored for this session
JavaScript error: resource://gre/actors/AutoCompleteChild.jsm, line 125: Error: Invalid autocomplete selectedIndex
1619159491734	Marionette	INFO	Stopped listening on port 6784
console.error: services.settings: 
  main/cfr Signature failed  TypeError: NetworkError when attempting to fetch resource.

###!!! [Child][RunMessage] Error: Channel closing: too late to send/recv, messages will be lost

1620367757303	geckodriver	INFO	Listening on 127.0.0.1:4528
1620367760038	mozrunner::runner	INFO	Running command: "C:\\Program Files\\Mozilla Firefox\\firefox.exe" "--marionette" "-foreground" "-no-remote" "-profile" "C:\\Users\\92536\\AppData\\Local\\Temp\\rust_mozprofilerahg2M"
console.warn: SearchSettings: "get: No settings file exists, new profile?" (new Error("", "(unknown module)"))
1620367763155	Marionette	INFO	Listening on port 4536
1620367763363	Marionette	WARN	TLS certificate errors will be ignored for this session
1620367763714	Marionette	INFO	Stopped listening on port 4536
console.warn: services.settings: main/partitioning-exempt-urls sync interrupted by shutdown

###!!! [Child][RunMessage] Error: Channel closing: too late to send/recv, messages will be lost

1620368019768	geckodriver	INFO	Listening on 127.0.0.1:4733
1620368022788	mozrunner::runner	INFO	Running command: "C:\\Program Files\\Mozilla Firefox\\firefox.exe" "--marionette" "-foreground" "-no-remote" "-profile" "C:\\Users\\92536\\AppData\\Local\\Temp\\rust_mozprofileW5lNtN"
console.warn: SearchSettings: "get: No settings file exists, new profile?" (new Error("", "(unknown module)"))
1620368025251	Marionette	INFO	Listening on port 4741
1620368025577	Marionette	WARN	TLS certificate errors will be ignored for this session
JavaScript error: resource://gre/actors/AutoCompleteChild.jsm, line 125: Error: Invalid autocomplete selectedIndex
1620368026806	Marionette	INFO	Stopped listening on port 4741
[Parent 13128, IPC I/O Parent] WARNING: file /builds/worker/checkouts/gecko/ipc/chromium/src/base/process_util_win.cc:167

###!!! [Child][RunMessage] Error: Channel closing: too late to send/recv, messages will be lost

1620368316942	geckodriver	INFO	Listening on 127.0.0.1:4828
1620368319964	mozrunner::runner	INFO	Running command: "C:\\Program Files\\Mozilla Firefox\\firefox.exe" "--marionette" "-foreground" "-no-remote" "-profile" "C:\\Users\\92536\\AppData\\Local\\Temp\\rust_mozprofiledczVgc"
1620368347452	geckodriver	INFO	Listening on 127.0.0.1:4884
1620368350468	mozrunner::runner	INFO	Running command: "C:\\Program Files\\Mozilla Firefox\\firefox.exe" "--marionette" "-foreground" "-no-remote" "-profile" "C:\\Users\\92536\\AppData\\Local\\Temp\\rust_mozprofile8GZRcM"
1620368350868	Marionette	INFO	Marionette enabled
console.warn: SearchSettings: "get: No settings file exists, new profile?" (new Error("", "(unknown module)"))
1620368352716	Marionette	INFO	Listening on port 4892
1620368353230	Marionette	WARN	TLS certificate errors will be ignored for this session
JavaScript error: resource://gre/actors/AutoCompleteChild.jsm, line 125: Error: Invalid autocomplete selectedIndex
1620368354436	Marionette	INFO	Stopped listening on port 4892
console.error: services.settings: 
  main/whats-new-panel Signature failed  TypeError: NetworkError when attempting to fetch resource.
1620368810494	geckodriver	INFO	Listening on 127.0.0.1:4999
1620368813511	mozrunner::runner	INFO	Running command: "C:\\Program Files\\Mozilla Firefox\\firefox.exe" "--marionette" "-foreground" "-no-remote" "-profile" "C:\\Users\\92536\\AppData\\Local\\Temp\\rust_mozprofileLcaLEB"
1620368813906	Marionette	INFO	Marionette enabled
console.warn: SearchSettings: "get: No settings file exists, new profile?" (new Error("", "(unknown module)"))
1620368815816	Marionette	INFO	Listening on port 5008
1620368816291	Marionette	WARN	TLS certificate errors will be ignored for this session
JavaScript error: resource://gre/actors/AutoCompleteChild.jsm, line 125: Error: Invalid autocomplete selectedIndex
1620368818536	Marionette	INFO	Stopped listening on port 5008

###!!! [Child][RunMessage] Error: Channel closing: too late to send/recv, messages will be lost

1620368915477	geckodriver	INFO	Listening on 127.0.0.1:5074
1620368918509	mozrunner::runner	INFO	Running command: "C:\\Program Files\\Mozilla Firefox\\firefox.exe" "--marionette" "-foreground" "-no-remote" "-profile" "C:\\Users\\92536\\AppData\\Local\\Temp\\rust_mozprofileSCC8aK"
1620368918867	Marionette	INFO	Marionette enabled
console.warn: SearchSettings: "get: No settings file exists, new profile?" (new Error("", "(unknown module)"))
1620368920674	Marionette	INFO	Listening on port 5083
1620368920776	Marionette	WARN	TLS certificate errors will be ignored for this session
JavaScript error: resource://gre/actors/AutoCompleteChild.jsm, line 125: Error: Invalid autocomplete selectedIndex
1620368923022	Marionette	INFO	Stopped listening on port 5083
1620369080550	geckodriver	INFO	Listening on 127.0.0.1:5133
1620369083566	mozrunner::runner	INFO	Running command: "C:\\Program Files\\Mozilla Firefox\\firefox.exe" "--marionette" "-foreground" "-no-remote" "-profile" "C:\\Users\\92536\\AppData\\Local\\Temp\\rust_mozprofileFf9eyD"
1620369083923	Marionette	INFO	Marionette enabled
console.warn: SearchSettings: "get: No settings file exists, new profile?" (new Error("", "(unknown module)"))
1620369085699	Marionette	INFO	Listening on port 5141
1620369085771	Marionette	WARN	TLS certificate errors will be ignored for this session
JavaScript error: resource://gre/actors/AutoCompleteChild.jsm, line 125: Error: Invalid autocomplete selectedIndex
1620369088084	Marionette	INFO	Stopped listening on port 5141
1620369266624	geckodriver	INFO	Listening on 127.0.0.1:5212
1620369269640	mozrunner::runner	INFO	Running command: "C:\\Program Files\\Mozilla Firefox\\firefox.exe" "--marionette" "-foreground" "-no-remote" "-profile" "C:\\Users\\92536\\AppData\\Local\\Temp\\rust_mozprofilejQbFdq"
1620369270030	Marionette	INFO	Marionette enabled
console.warn: SearchSettings: "get: No settings file exists, new profile?" (new Error("", "(unknown module)"))
1620369271791	Marionette	INFO	Listening on port 5220
1620369271906	Marionette	WARN	TLS certificate errors will be ignored for this session
JavaScript error: resource://gre/actors/AutoCompleteChild.jsm, line 125: Error: Invalid autocomplete selectedIndex
1620369273132	Marionette	INFO	Stopped listening on port 5220
console.error: services.settings: 
  main/cfr Signature failed  TypeError: NetworkError when attempting to fetch resource.

###!!! [Child][RunMessage] Error: Channel closing: too late to send/recv, messages will be lost

1620369425318	geckodriver	INFO	Listening on 127.0.0.1:5265
1620369428334	mozrunner::runner	INFO	Running command: "C:\\Program Files\\Mozilla Firefox\\firefox.exe" "--marionette" "-foreground" "-no-remote" "-profile" "C:\\Users\\92536\\AppData\\Local\\Temp\\rust_mozprofileQ3lrRl"
1620369428750	Marionette	INFO	Marionette enabled
console.warn: SearchSettings: "get: No settings file exists, new profile?" (new Error("", "(unknown module)"))
1620369430594	Marionette	INFO	Listening on port 5273
1620369430617	Marionette	WARN	TLS certificate errors will be ignored for this session
[Parent 6528, IPC I/O Parent] WARNING: file /builds/worker/checkouts/gecko/ipc/chromium/src/base/process_util_win.cc:167
JavaScript error: resource://gre/actors/AutoCompleteChild.jsm, line 125: Error: Invalid autocomplete selectedIndex
1620369431948	Marionette	INFO	Stopped listening on port 5273
[Parent 6528, IPC I/O Parent] WARNING: file /builds/worker/checkouts/gecko/ipc/chromium/src/base/process_util_win.cc:167
1620369561349	geckodriver	INFO	Listening on 127.0.0.1:5358
1620369564350	mozrunner::runner	INFO	Running command: "C:\\Program Files\\Mozilla Firefox\\firefox.exe" "--marionette" "-foreground" "-no-remote" "-profile" "C:\\Users\\92536\\AppData\\Local\\Temp\\rust_mozprofileB2YzdJ"
1620369564752	Marionette	INFO	Marionette enabled
console.warn: SearchSettings: "get: No settings file exists, new profile?" (new Error("", "(unknown module)"))
1620369566611	Marionette	INFO	Listening on port 5368
1620369566658	Marionette	WARN	TLS certificate errors will be ignored for this session
[Parent 11304, IPC I/O Parent] WARNING: file /builds/worker/checkouts/gecko/ipc/chromium/src/base/process_util_win.cc:167
1620369566911	Marionette	INFO	Stopped listening on port 5368
console.warn: services.settings: main/partitioning-exempt-urls sync interrupted by shutdown
console.error: services.settings: 
  main/fxmonitor-breaches Signature failed  Error: Shutdown, aborting read-only worker requests.

###!!! [Child][RunMessage] Error: Channel closing: too late to send/recv, messages will be lost

1620369598486	geckodriver	INFO	Listening on 127.0.0.1:5404
1620369601502	mozrunner::runner	INFO	Running command: "C:\\Program Files\\Mozilla Firefox\\firefox.exe" "--marionette" "-foreground" "-no-remote" "-profile" "C:\\Users\\92536\\AppData\\Local\\Temp\\rust_mozprofileP1J4q2"
1620369601878	Marionette	INFO	Marionette enabled
console.warn: SearchSettings: "get: No settings file exists, new profile?" (new Error("", "(unknown module)"))
1620369603775	Marionette	INFO	Listening on port 5412
1620369604304	Marionette	WARN	TLS certificate errors will be ignored for this session
JavaScript error: resource://gre/actors/AutoCompleteChild.jsm, line 125: Error: Invalid autocomplete selectedIndex
1620369606570	Marionette	INFO	Stopped listening on port 5412
1620968099117	geckodriver	INFO	Listening on 127.0.0.1:8379
1620968101877	mozrunner::runner	INFO	Running command: "C:\\Program Files\\Mozilla Firefox\\firefox.exe" "--marionette" "-foreground" "-no-remote" "-profile" "C:\\Users\\92536\\AppData\\Local\\Temp\\rust_mozprofileUXaSV3"
1620968102528	Marionette	INFO	Marionette enabled
console.warn: SearchSettings: "get: No settings file exists, new profile?" (new Error("", "(unknown module)"))
1620968104708	Marionette	INFO	Listening on port 8387
1620968105140	Marionette	WARN	TLS certificate errors will be ignored for this session
JavaScript error: resource://gre/actors/AutoCompleteChild.jsm, line 125: Error: Invalid autocomplete selectedIndex
1620968107451	Marionette	INFO	Stopped listening on port 8387

###!!! [Child][RunMessage] Error: Channel closing: too late to send/recv, messages will be lost

1620969045592	geckodriver	INFO	Listening on 127.0.0.1:8523
1620969048642	mozrunner::runner	INFO	Running command: "C:\\Program Files\\Mozilla Firefox\\firefox.exe" "--marionette" "-foreground" "-no-remote" "-profile" "C:\\Users\\92536\\AppData\\Local\\Temp\\rust_mozprofilem9q0WW"
1620969049348	Marionette	INFO	Marionette enabled
console.warn: SearchSettings: "get: No settings file exists, new profile?" (new Error("", "(unknown module)"))
1620969051599	Marionette	INFO	Listening on port 8531
1620969051934	Marionette	WARN	TLS certificate errors will be ignored for this session
JavaScript error: resource://gre/actors/AutoCompleteChild.jsm, line 125: Error: Invalid autocomplete selectedIndex
1620969054342	Marionette	INFO	Stopped listening on port 8531
1620969088599	geckodriver	INFO	Listening on 127.0.0.1:12965
1620969091632	mozrunner::runner	INFO	Running command: "C:\\Program Files\\Mozilla Firefox\\firefox.exe" "--marionette" "-foreground" "-no-remote" "-profile" "C:\\Users\\92536\\AppData\\Local\\Temp\\rust_mozprofilevZUi8c"
1620969092631	Marionette	INFO	Marionette enabled
console.warn: SearchSettings: "get: No settings file exists, new profile?" (new Error("", "(unknown module)"))
1620969094767	Marionette	INFO	Listening on port 12973
1620969094943	Marionette	WARN	TLS certificate errors will be ignored for this session
JavaScript error: resource://gre/actors/AutoCompleteChild.jsm, line 125: Error: Invalid autocomplete selectedIndex
1620969097327	Marionette	INFO	Stopped listening on port 12973
1620969310995	geckodriver	INFO	Listening on 127.0.0.1:13024
1620969314038	mozrunner::runner	INFO	Running command: "C:\\Program Files\\Mozilla Firefox\\firefox.exe" "--marionette" "-foreground" "-no-remote" "-profile" "C:\\Users\\92536\\AppData\\Local\\Temp\\rust_mozprofileoCtN55"
1620969314879	Marionette	INFO	Marionette enabled
console.warn: SearchSettings: "get: No settings file exists, new profile?" (new Error("", "(unknown module)"))
1620969317242	Marionette	INFO	Listening on port 13032
1620969317316	Marionette	WARN	TLS certificate errors will be ignored for this session
JavaScript error: resource://gre/actors/AutoCompleteChild.jsm, line 125: Error: Invalid autocomplete selectedIndex
1620969319837	Marionette	INFO	Stopped listening on port 13032
console.error: services.settings: 
  main/whats-new-panel Signature failed  TypeError: NetworkError when attempting to fetch resource.

###!!! [Child][RunMessage] Error: Channel closing: too late to send/recv, messages will be lost

1620970195594	geckodriver	INFO	Listening on 127.0.0.1:12468
1620970198648	mozrunner::runner	INFO	Running command: "C:\\Program Files\\Mozilla Firefox\\firefox.exe" "--marionette" "-foreground" "-no-remote" "-profile" "C:\\Users\\92536\\AppData\\Local\\Temp\\rust_mozprofilecF8M73"
1620970199532	Marionette	INFO	Marionette enabled
console.warn: SearchSettings: "get: No settings file exists, new profile?" (new Error("", "(unknown module)"))
1620970201568	Marionette	INFO	Listening on port 12476
1620970201957	Marionette	WARN	TLS certificate errors will be ignored for this session
JavaScript error: resource://gre/actors/AutoCompleteChild.jsm, line 125: Error: Invalid autocomplete selectedIndex
1620970204299	Marionette	INFO	Stopped listening on port 12476
[Parent 14396, IPC I/O Parent] WARNING: file /builds/worker/checkouts/gecko/ipc/chromium/src/base/process_util_win.cc:167

###!!! [Child][RunMessage] Error: Channel closing: too late to send/recv, messages will be lost

1620970254064	geckodriver	INFO	Listening on 127.0.0.1:12523
1620970257096	mozrunner::runner	INFO	Running command: "C:\\Program Files\\Mozilla Firefox\\firefox.exe" "--marionette" "-foreground" "-no-remote" "-profile" "C:\\Users\\92536\\AppData\\Local\\Temp\\rust_mozprofile4RsSgb"
1620970257853	Marionette	INFO	Marionette enabled
console.warn: SearchSettings: "get: No settings file exists, new profile?" (new Error("", "(unknown module)"))
1620970260114	Marionette	INFO	Listening on port 12531
1620970260375	Marionette	WARN	TLS certificate errors will be ignored for this session
JavaScript error: resource://gre/actors/AutoCompleteChild.jsm, line 125: Error: Invalid autocomplete selectedIndex
1620970267952	Marionette	INFO	Stopped listening on port 12531
1620970334465	geckodriver	INFO	Listening on 127.0.0.1:12589
1620970337512	mozrunner::runner	INFO	Running command: "C:\\Program Files\\Mozilla Firefox\\firefox.exe" "--marionette" "-foreground" "-no-remote" "-profile" "C:\\Users\\92536\\AppData\\Local\\Temp\\rust_mozprofile2TA95w"
1620970338340	Marionette	INFO	Marionette enabled
console.warn: SearchSettings: "get: No settings file exists, new profile?" (new Error("", "(unknown module)"))
1620970340666	Marionette	INFO	Listening on port 12597
1620970340772	Marionette	WARN	TLS certificate errors will be ignored for this session
JavaScript error: resource://gre/actors/AutoCompleteChild.jsm, line 125: Error: Invalid autocomplete selectedIndex
1620970340983	Marionette	INFO	Stopped listening on port 12597
console.error: Region.jsm: "Error fetching region" (new TypeError("NetworkError when attempting to fetch resource.", ""))
console.error: Region.jsm: "Failed to fetch region" (new Error("NO_RESULT", "resource://gre/modules/Region.jsm", 419))
console.error: services.settings: 
  main/message-groups Signature failed  TypeError: NetworkError when attempting to fetch resource.

###!!! [Child][RunMessage] Error: Channel closing: too late to send/recv, messages will be lost

1620970466300	geckodriver	INFO	Listening on 127.0.0.1:12642
1620970469345	mozrunner::runner	INFO	Running command: "C:\\Program Files\\Mozilla Firefox\\firefox.exe" "--marionette" "-foreground" "-no-remote" "-profile" "C:\\Users\\92536\\AppData\\Local\\Temp\\rust_mozprofilewjcayv"
1620970469926	Marionette	INFO	Marionette enabled
console.warn: SearchSettings: "get: No settings file exists, new profile?" (new Error("", "(unknown module)"))
1620970471739	Marionette	INFO	Listening on port 12650
1620970472125	Marionette	WARN	TLS certificate errors will be ignored for this session
JavaScript error: resource://gre/actors/AutoCompleteChild.jsm, line 125: Error: Invalid autocomplete selectedIndex
1620970474500	Marionette	INFO	Stopped listening on port 12650
[Parent 15432, IPC I/O Parent] WARNING: file /builds/worker/checkouts/gecko/ipc/chromium/src/base/process_util_win.cc:167

###!!! [Child][RunMessage] Error: Channel closing: too late to send/recv, messages will be lost

1620970522430	geckodriver	INFO	Listening on 127.0.0.1:12714
1620970525445	mozrunner::runner	INFO	Running command: "C:\\Program Files\\Mozilla Firefox\\firefox.exe" "--marionette" "-foreground" "-no-remote" "-profile" "C:\\Users\\92536\\AppData\\Local\\Temp\\rust_mozprofile8f5rt1"
1620970526329	Marionette	INFO	Marionette enabled
console.warn: SearchSettings: "get: No settings file exists, new profile?" (new Error("", "(unknown module)"))
1620970528500	Marionette	INFO	Listening on port 12722
1620970528734	Marionette	WARN	TLS certificate errors will be ignored for this session
JavaScript error: resource://gre/actors/AutoCompleteChild.jsm, line 125: Error: Invalid autocomplete selectedIndex
1620970528971	Marionette	INFO	Stopped listening on port 12722
console.warn: services.settings: main/message-groups sync interrupted by shutdown
console.error: Region.jsm: "Error fetching region" (new TypeError("NetworkError when attempting to fetch resource.", ""))
console.error: Region.jsm: "Failed to fetch region" (new Error("NO_RESULT", "resource://gre/modules/Region.jsm", 419))
1620970800468	geckodriver	INFO	Listening on 127.0.0.1:12831
1620970803527	mozrunner::runner	INFO	Running command: "C:\\Program Files\\Mozilla Firefox\\firefox.exe" "--marionette" "-foreground" "-no-remote" "-profile" "C:\\Users\\92536\\AppData\\Local\\Temp\\rust_mozprofileFTTvLG"
1620970804373	Marionette	INFO	Marionette enabled
console.warn: SearchSettings: "get: No settings file exists, new profile?" (new Error("", "(unknown module)"))
1620970806869	Marionette	INFO	Listening on port 12839
1620970806915	Marionette	WARN	TLS certificate errors will be ignored for this session
JavaScript error: resource://gre/actors/AutoCompleteChild.jsm, line 125: Error: Invalid autocomplete selectedIndex
1620970817568	Marionette	INFO	Stopped listening on port 12839

###!!! [Child][RunMessage] Error: Channel closing: too late to send/recv, messages will be lost

1620970920570	geckodriver	INFO	Listening on 127.0.0.1:10797
1620970923625	mozrunner::runner	INFO	Running command: "C:\\Program Files\\Mozilla Firefox\\firefox.exe" "--marionette" "-foreground" "-no-remote" "-profile" "C:\\Users\\92536\\AppData\\Local\\Temp\\rust_mozprofile6PtuXu"
1620970924334	Marionette	INFO	Marionette enabled
console.warn: SearchSettings: "get: No settings file exists, new profile?" (new Error("", "(unknown module)"))
1620970926689	Marionette	INFO	Listening on port 10806
1620970926926	Marionette	WARN	TLS certificate errors will be ignored for this session
JavaScript error: resource://gre/actors/AutoCompleteChild.jsm, line 125: Error: Invalid autocomplete selectedIndex
1620970937440	Marionette	INFO	Stopped listening on port 10806
1620971146132	geckodriver	INFO	Listening on 127.0.0.1:10897
1620971149166	mozrunner::runner	INFO	Running command: "C:\\Program Files\\Mozilla Firefox\\firefox.exe" "--marionette" "-foreground" "-no-remote" "-profile" "C:\\Users\\92536\\AppData\\Local\\Temp\\rust_mozprofileMrqpM8"
1620971149851	Marionette	INFO	Marionette enabled
console.warn: SearchSettings: "get: No settings file exists, new profile?" (new Error("", "(unknown module)"))
1620971151833	Marionette	INFO	Listening on port 10905
1620971151926	Marionette	WARN	TLS certificate errors will be ignored for this session
JavaScript error: resource://gre/actors/AutoCompleteChild.jsm, line 125: Error: Invalid autocomplete selectedIndex
1620971153389	Marionette	INFO	Stopped listening on port 10905
[Parent 8624, IPC I/O Parent] WARNING: file /builds/worker/checkouts/gecko/ipc/chromium/src/base/process_util_win.cc:167
1620972580946	geckodriver	INFO	Listening on 127.0.0.1:7401
1620972583979	mozrunner::runner	INFO	Running command: "C:\\Program Files\\Mozilla Firefox\\firefox.exe" "--marionette" "-foreground" "-no-remote" "-profile" "C:\\Users\\92536\\AppData\\Local\\Temp\\rust_mozprofileUrCkua"
1620972585022	Marionette	INFO	Marionette enabled
console.warn: SearchSettings: "get: No settings file exists, new profile?" (new Error("", "(unknown module)"))
1620972587363	Marionette	INFO	Listening on port 7409
1620972587897	Marionette	WARN	TLS certificate errors will be ignored for this session
JavaScript error: resource://gre/actors/AutoCompleteChild.jsm, line 125: Error: Invalid autocomplete selectedIndex
1620972589453	Marionette	INFO	Stopped listening on port 7409
console.error: services.settings: 
  main/whats-new-panel Signature failed  TypeError: NetworkError when attempting to fetch resource.

###!!! [Child][RunMessage] Error: Channel closing: too late to send/recv, messages will be lost

1620972590471	geckodriver	INFO	Listening on 127.0.0.1:7448
1620972593522	mozrunner::runner	INFO	Running command: "C:\\Program Files\\Mozilla Firefox\\firefox.exe" "--marionette" "-foreground" "-no-remote" "-profile" "C:\\Users\\92536\\AppData\\Local\\Temp\\rust_mozprofileeLI6CW"
1620972594080	Marionette	INFO	Marionette enabled
console.warn: SearchSettings: "get: No settings file exists, new profile?" (new Error("", "(unknown module)"))
1620972596415	Marionette	INFO	Listening on port 7456
1620972596798	Marionette	WARN	TLS certificate errors will be ignored for this session
JavaScript error: resource://gre/actors/AutoCompleteChild.jsm, line 125: Error: Invalid autocomplete selectedIndex
1620972597639	Marionette	INFO	Stopped listening on port 7456
[Parent 15612, IPC I/O Parent] WARNING: file /builds/worker/checkouts/gecko/ipc/chromium/src/base/process_util_win.cc:167

###!!! [Child][RunMessage] Error: Channel closing: too late to send/recv, messages will be lost

1620972767361	geckodriver	INFO	Listening on 127.0.0.1:2437
1620972770397	mozrunner::runner	INFO	Running command: "C:\\Program Files\\Mozilla Firefox\\firefox.exe" "--marionette" "-foreground" "-no-remote" "-profile" "C:\\Users\\92536\\AppData\\Local\\Temp\\rust_mozprofilejadY8G"
1620972771135	Marionette	INFO	Marionette enabled
console.warn: SearchSettings: "get: No settings file exists, new profile?" (new Error("", "(unknown module)"))
1620972773531	Marionette	INFO	Listening on port 2445
1620972773661	Marionette	WARN	TLS certificate errors will be ignored for this session
JavaScript error: resource://gre/actors/AutoCompleteChild.jsm, line 125: Error: Invalid autocomplete selectedIndex
1620972774547	Marionette	INFO	Stopped listening on port 2445
console.error: services.settings: 
  main/cfr-fxa Signature failed  TypeError: NetworkError when attempting to fetch resource.
1620972775747	geckodriver	INFO	Listening on 127.0.0.1:2479
1620972778790	mozrunner::runner	INFO	Running command: "C:\\Program Files\\Mozilla Firefox\\firefox.exe" "--marionette" "-foreground" "-no-remote" "-profile" "C:\\Users\\92536\\AppData\\Local\\Temp\\rust_mozprofileqgR6ed"
1620972779709	Marionette	INFO	Marionette enabled
console.warn: SearchSettings: "get: No settings file exists, new profile?" (new Error("", "(unknown module)"))
1620972781832	Marionette	INFO	Listening on port 2487
1620972782061	Marionette	WARN	TLS certificate errors will be ignored for this session
JavaScript error: resource://gre/actors/AutoCompleteChild.jsm, line 125: Error: Invalid autocomplete selectedIndex
1620972782823	Marionette	INFO	Stopped listening on port 2487
[Parent 7832, IPC I/O Parent] WARNING: file /builds/worker/checkouts/gecko/ipc/chromium/src/base/process_util_win.cc:167
[Parent 7832, IPC I/O Parent] WARNING: file /builds/worker/checkouts/gecko/ipc/chromium/src/base/process_util_win.cc:167

###!!! [Child][RunMessage] Error: Channel closing: too late to send/recv, messages will be lost

